<!DOCTYPE html PUBLIC "-//W3C//DTD XHTML 1.1//EN" "http://www.w3.org/TR/xhtml11/DTD/xhtml11.dtd">
<html xmlns="http://www.w3.org/1999/xhtml"><head><title>TestNG Report</title><style type="text/css">table {margin-bottom:10px;border-collapse:collapse;empty-cells:show}th,td {border:1px solid #009;padding:.25em .5em}th {vertical-align:bottom}td {vertical-align:top}table a {font-weight:bold}.stripe td {background-color: #E6EBF9}.num {text-align:right}.passedodd td {background-color: #3F3}.passedeven td {background-color: #0A0}.skippedodd td {background-color: #DDD}.skippedeven td {background-color: #CCC}.failedodd td,.attn {background-color: #F33}.failedeven td,.stripe .attn {background-color: #D00}.stacktrace {white-space:pre;font-family:monospace}.totop {font-size:85%;text-align:center;border-bottom:2px solid #000}</style></head><body><table><tr><th>Test</th><th># Passed</th><th># Skipped</th><th># Failed</th><th>Time (ms)</th><th>Included Groups</th><th>Excluded Groups</th></tr><tr><th colspan="7">Suite</th></tr><tr><td><a href="#t0">Test</a></td><td class="num">9</td><td class="num">0</td><td class="num attn">2</td><td class="num">1,231</td><td></td><td></td></tr></table><table><thead><tr><th>Class</th><th>Method</th><th>Start</th><th>Time (ms)</th></tr></thead><tbody><tr><th colspan="4">Suite</th></tr></tbody><tbody id="t0"><tr><th colspan="4">Test &#8212; failed</th></tr><tr class="failedeven"><td rowspan="1">com.jbk.test.DownloadTest</td><td><a href="#m0">validate_vendor</a></td><td rowspan="1">1633684341362</td><td rowspan="1">52</td></tr><tr class="failedodd"><td rowspan="1">com.jbk.test.OperatorTest</td><td><a href="#m1">validateTitle</a></td><td rowspan="1">1633684341080</td><td rowspan="1">31</td></tr><tr><th colspan="4">Test &#8212; passed</th></tr><tr class="passedeven"><td rowspan="2">com.jbk.test.DashboardTest</td><td><a href="#m2">validateCourse</a></td><td rowspan="1">1633684340495</td><td rowspan="1">436</td></tr><tr class="passedeven"><td><a href="#m3">verifyValidLogin</a></td><td rowspan="1">1633684340484</td><td rowspan="1">10</td></tr><tr class="passedodd"><td rowspan="4">com.jbk.test.LoginTest</td><td><a href="#m4">validateHeading</a></td><td rowspan="1">1633684340207</td><td rowspan="1">146</td></tr><tr class="passedodd"><td><a href="#m5">validateTitle</a></td><td rowspan="1">1633684340358</td><td rowspan="1">53</td></tr><tr class="passedodd"><td><a href="#m6">validateTitle1</a></td><td rowspan="1">1633684340415</td><td rowspan="1">35</td></tr><tr class="passedodd"><td><a href="#m7">validateTitle2</a></td><td rowspan="1">1633684340451</td><td rowspan="1">32</td></tr><tr class="passedeven"><td rowspan="1">com.jbk.test.OperatorTest</td><td><a href="#m8">validate_person_job</a></td><td rowspan="1">1633684341115</td><td rowspan="1">245</td></tr><tr class="passedodd"><td rowspan="2">com.jbk.test.UserPageTest</td><td><a href="#m9">validate_user_page</a></td><td rowspan="1">1633684340942</td><td rowspan="1">136</td></tr><tr class="passedodd"><td><a href="#m10">verify_user_page</a></td><td rowspan="1">1633684340933</td><td rowspan="1">7</td></tr></tbody></table><h2>Test</h2><h3 id="m0">com.jbk.test.DownloadTest#validate_vendor</h3><table class="result"><tr><th>Exception</th></tr><tr><td><div class="stacktrace">org.openqa.selenium.NoSuchElementException: no such element: Unable to locate element: {&quot;method&quot;:&quot;css selector&quot;,&quot;selector&quot;:&quot;#email&quot;}
  (Session info: chrome=94.0.4606.71)
For documentation on this error, please visit: https://www.seleniumhq.org/exceptions/no_such_element.html
Build info: version: &apos;3.141.59&apos;, revision: &apos;e82be7d358&apos;, time: &apos;2018-11-14T08:17:03&apos;
System info: host: &apos;DESKTOP-8I83B01&apos;, ip: &apos;192.168.0.103&apos;, os.name: &apos;Windows 10&apos;, os.arch: &apos;amd64&apos;, os.version: &apos;10.0&apos;, java.version: &apos;1.8.0_144&apos;
Driver info: org.openqa.selenium.chrome.ChromeDriver
Capabilities {acceptInsecureCerts: false, browserName: chrome, browserVersion: 94.0.4606.71, chrome: {chromedriverVersion: 94.0.4606.41 (333e85df3c9b6..., userDataDir: C:\Users\User\AppData\Local...}, goog:chromeOptions: {debuggerAddress: localhost:55472}, javascriptEnabled: true, networkConnectionEnabled: false, pageLoadStrategy: normal, platform: WINDOWS, platformName: WINDOWS, proxy: Proxy(), setWindowRect: true, strictFileInteractability: false, timeouts: {implicit: 0, pageLoad: 300000, script: 30000}, unhandledPromptBehavior: dismiss and notify, webauthn:extension:credBlob: true, webauthn:extension:largeBlob: true, webauthn:virtualAuthenticators: true}
Session ID: ebb3296d7d73f4a35d282e83c1024ae4
*** Element info: {Using=id, value=email}
	at org.openqa.selenium.remote.http.W3CHttpResponseCodec.createException(W3CHttpResponseCodec.java:187)
	at org.openqa.selenium.remote.http.W3CHttpResponseCodec.decode(W3CHttpResponseCodec.java:122)
	at org.openqa.selenium.remote.http.W3CHttpResponseCodec.decode(W3CHttpResponseCodec.java:49)
	at org.openqa.selenium.remote.HttpCommandExecutor.execute(HttpCommandExecutor.java:158)
	at org.openqa.selenium.remote.service.DriverCommandExecutor.execute(DriverCommandExecutor.java:83)
	at org.openqa.selenium.remote.RemoteWebDriver.execute(RemoteWebDriver.java:552)
	at org.openqa.selenium.remote.RemoteWebDriver.findElement(RemoteWebDriver.java:323)
	at org.openqa.selenium.remote.RemoteWebDriver.findElementById(RemoteWebDriver.java:372)
	at org.openqa.selenium.By$ById.findElement(By.java:188)
	at org.openqa.selenium.remote.RemoteWebDriver.findElement(RemoteWebDriver.java:315)
	at org.openqa.selenium.support.pagefactory.DefaultElementLocator.findElement(DefaultElementLocator.java:69)
	at org.openqa.selenium.support.pagefactory.internal.LocatingElementHandler.invoke(LocatingElementHandler.java:38)
	at com.sun.proxy.$Proxy8.sendKeys(Unknown Source)
	at com.jbk.pages.LoginPage.navigate_dashboard_page(LoginPage.java:22)
	at com.jbk.test.DownloadTest.validate_vendor(DownloadTest.java:40)
... Removed 29 stack frames</div></td></tr></table><p class="totop"><a href="#summary">back to summary</a></p><h3 id="m1">com.jbk.test.OperatorTest#validateTitle</h3><table class="result"><tr><th>Exception</th></tr><tr><td><div class="stacktrace">java.lang.AssertionError: expected [true] but found [false]
	at com.jbk.test.OperatorTest.validateTitle(OperatorTest.java:45)
... Removed 29 stack frames</div></td></tr></table><p class="totop"><a href="#summary">back to summary</a></p><h3 id="m2">com.jbk.test.DashboardTest#validateCourse</h3><table class="result"></table><p class="totop"><a href="#summary">back to summary</a></p><h3 id="m3">com.jbk.test.DashboardTest#verifyValidLogin</h3><table class="result"></table><p class="totop"><a href="#summary">back to summary</a></p><h3 id="m4">com.jbk.test.LoginTest#validateHeading</h3><table class="result"></table><p class="totop"><a href="#summary">back to summary</a></p><h3 id="m5">com.jbk.test.LoginTest#validateTitle</h3><table class="result"></table><p class="totop"><a href="#summary">back to summary</a></p><h3 id="m6">com.jbk.test.LoginTest#validateTitle1</h3><table class="result"></table><p class="totop"><a href="#summary">back to summary</a></p><h3 id="m7">com.jbk.test.LoginTest#validateTitle2</h3><table class="result"></table><p class="totop"><a href="#summary">back to summary</a></p><h3 id="m8">com.jbk.test.OperatorTest#validate_person_job</h3><table class="result"></table><p class="totop"><a href="#summary">back to summary</a></p><h3 id="m9">com.jbk.test.UserPageTest#validate_user_page</h3><table class="result"></table><p class="totop"><a href="#summary">back to summary</a></p><h3 id="m10">com.jbk.test.UserPageTest#verify_user_page</h3><table class="result"></table><p class="totop"><a href="#summary">back to summary</a></p></body></html>