<?xml version="1.0" encoding="UTF-8"?>
<testng-results skipped="0" failed="2" total="11" passed="9">
  <reporter-output>
  </reporter-output>
  <suite name="Suite" duration-ms="1231" started-at="2021-10-08T09:12:20Z" finished-at="2021-10-08T09:12:21Z">
    <groups>
    </groups>
    <test name="Test" duration-ms="1231" started-at="2021-10-08T09:12:20Z" finished-at="2021-10-08T09:12:21Z">
      <class name="com.jbk.test.DownloadTest">
        <test-method status="FAIL" signature="validate_vendor()[pri:11, instance:com.jbk.test.DownloadTest@59f99ea]" name="validate_vendor" duration-ms="52" started-at="2021-10-08T14:42:21Z" finished-at="2021-10-08T14:42:21Z">
          <exception class="org.openqa.selenium.NoSuchElementException">
            <message>
              <![CDATA[no such element: Unable to locate element: {"method":"css selector","selector":"#email"}
  (Session info: chrome=94.0.4606.71)
For documentation on this error, please visit: https://www.seleniumhq.org/exceptions/no_such_element.html
Build info: version: '3.141.59', revision: 'e82be7d358', time: '2018-11-14T08:17:03'
System info: host: 'DESKTOP-8I83B01', ip: '192.168.0.103', os.name: 'Windows 10', os.arch: 'amd64', os.version: '10.0', java.version: '1.8.0_144'
Driver info: org.openqa.selenium.chrome.ChromeDriver
Capabilities {acceptInsecureCerts: false, browserName: chrome, browserVersion: 94.0.4606.71, chrome: {chromedriverVersion: 94.0.4606.41 (333e85df3c9b6..., userDataDir: C:\Users\User\AppData\Local...}, goog:chromeOptions: {debuggerAddress: localhost:55472}, javascriptEnabled: true, networkConnectionEnabled: false, pageLoadStrategy: normal, platform: WINDOWS, platformName: WINDOWS, proxy: Proxy(), setWindowRect: true, strictFileInteractability: false, timeouts: {implicit: 0, pageLoad: 300000, script: 30000}, unhandledPromptBehavior: dismiss and notify, webauthn:extension:credBlob: true, webauthn:extension:largeBlob: true, webauthn:virtualAuthenticators: true}
Session ID: ebb3296d7d73f4a35d282e83c1024ae4
*** Element info: {Using=id, value=email}]]>
            </message>
            <full-stacktrace>
              <![CDATA[org.openqa.selenium.NoSuchElementException: no such element: Unable to locate element: {"method":"css selector","selector":"#email"}
  (Session info: chrome=94.0.4606.71)
For documentation on this error, please visit: https://www.seleniumhq.org/exceptions/no_such_element.html
Build info: version: '3.141.59', revision: 'e82be7d358', time: '2018-11-14T08:17:03'
System info: host: 'DESKTOP-8I83B01', ip: '192.168.0.103', os.name: 'Windows 10', os.arch: 'amd64', os.version: '10.0', java.version: '1.8.0_144'
Driver info: org.openqa.selenium.chrome.ChromeDriver
Capabilities {acceptInsecureCerts: false, browserName: chrome, browserVersion: 94.0.4606.71, chrome: {chromedriverVersion: 94.0.4606.41 (333e85df3c9b6..., userDataDir: C:\Users\User\AppData\Local...}, goog:chromeOptions: {debuggerAddress: localhost:55472}, javascriptEnabled: true, networkConnectionEnabled: false, pageLoadStrategy: normal, platform: WINDOWS, platformName: WINDOWS, proxy: Proxy(), setWindowRect: true, strictFileInteractability: false, timeouts: {implicit: 0, pageLoad: 300000, script: 30000}, unhandledPromptBehavior: dismiss and notify, webauthn:extension:credBlob: true, webauthn:extension:largeBlob: true, webauthn:virtualAuthenticators: true}
Session ID: ebb3296d7d73f4a35d282e83c1024ae4
*** Element info: {Using=id, value=email}
	at sun.reflect.NativeConstructorAccessorImpl.newInstance0(Native Method)
	at sun.reflect.NativeConstructorAccessorImpl.newInstance(NativeConstructorAccessorImpl.java:62)
	at sun.reflect.DelegatingConstructorAccessorImpl.newInstance(DelegatingConstructorAccessorImpl.java:45)
	at java.lang.reflect.Constructor.newInstance(Constructor.java:423)
	at org.openqa.selenium.remote.http.W3CHttpResponseCodec.createException(W3CHttpResponseCodec.java:187)
	at org.openqa.selenium.remote.http.W3CHttpResponseCodec.decode(W3CHttpResponseCodec.java:122)
	at org.openqa.selenium.remote.http.W3CHttpResponseCodec.decode(W3CHttpResponseCodec.java:49)
	at org.openqa.selenium.remote.HttpCommandExecutor.execute(HttpCommandExecutor.java:158)
	at org.openqa.selenium.remote.service.DriverCommandExecutor.execute(DriverCommandExecutor.java:83)
	at org.openqa.selenium.remote.RemoteWebDriver.execute(RemoteWebDriver.java:552)
	at org.openqa.selenium.remote.RemoteWebDriver.findElement(RemoteWebDriver.java:323)
	at org.openqa.selenium.remote.RemoteWebDriver.findElementById(RemoteWebDriver.java:372)
	at org.openqa.selenium.By$ById.findElement(By.java:188)
	at org.openqa.selenium.remote.RemoteWebDriver.findElement(RemoteWebDriver.java:315)
	at org.openqa.selenium.support.pagefactory.DefaultElementLocator.findElement(DefaultElementLocator.java:69)
	at org.openqa.selenium.support.pagefactory.internal.LocatingElementHandler.invoke(LocatingElementHandler.java:38)
	at com.sun.proxy.$Proxy8.sendKeys(Unknown Source)
	at com.jbk.pages.LoginPage.navigate_dashboard_page(LoginPage.java:22)
	at com.jbk.test.DownloadTest.validate_vendor(DownloadTest.java:40)
	at sun.reflect.NativeMethodAccessorImpl.invoke0(Native Method)
	at sun.reflect.NativeMethodAccessorImpl.invoke(NativeMethodAccessorImpl.java:62)
	at sun.reflect.DelegatingMethodAccessorImpl.invoke(DelegatingMethodAccessorImpl.java:43)
	at java.lang.reflect.Method.invoke(Method.java:498)
	at org.testng.internal.MethodInvocationHelper.invokeMethod(MethodInvocationHelper.java:100)
	at org.testng.internal.Invoker.invokeMethod(Invoker.java:646)
	at org.testng.internal.Invoker.invokeTestMethod(Invoker.java:811)
	at org.testng.internal.Invoker.invokeTestMethods(Invoker.java:1137)
	at org.testng.internal.TestMethodWorker.invokeTestMethods(TestMethodWorker.java:129)
	at org.testng.internal.TestMethodWorker.run(TestMethodWorker.java:112)
	at org.testng.TestRunner.privateRun(TestRunner.java:753)
	at org.testng.TestRunner.run(TestRunner.java:607)
	at org.testng.SuiteRunner.runTest(SuiteRunner.java:368)
	at org.testng.SuiteRunner.runSequentially(SuiteRunner.java:363)
	at org.testng.SuiteRunner.privateRun(SuiteRunner.java:321)
	at org.testng.SuiteRunner.run(SuiteRunner.java:270)
	at org.testng.SuiteRunnerWorker.runSuite(SuiteRunnerWorker.java:52)
	at org.testng.SuiteRunnerWorker.run(SuiteRunnerWorker.java:86)
	at org.testng.TestNG.runSuitesSequentially(TestNG.java:1284)
	at org.testng.TestNG.runSuitesLocally(TestNG.java:1209)
	at org.testng.TestNG.runSuites(TestNG.java:1124)
	at org.testng.TestNG.run(TestNG.java:1096)
	at org.testng.remote.AbstractRemoteTestNG.run(AbstractRemoteTestNG.java:132)
	at org.testng.remote.RemoteTestNG.initAndRun(RemoteTestNG.java:236)
	at org.testng.remote.RemoteTestNG.main(RemoteTestNG.java:81)
]]>
            </full-stacktrace>
          </exception> <!-- org.openqa.selenium.NoSuchElementException -->
          <reporter-output>
          </reporter-output>
        </test-method> <!-- validate_vendor -->
      </class> <!-- com.jbk.test.DownloadTest -->
      <class name="com.jbk.test.OperatorTest">
        <test-method status="FAIL" signature="validateTitle()[pri:9, instance:com.jbk.test.OperatorTest@ae45eb6]" name="validateTitle" duration-ms="31" started-at="2021-10-08T14:42:21Z" finished-at="2021-10-08T14:42:21Z">
          <exception class="java.lang.AssertionError">
            <message>
              <![CDATA[expected [true] but found [false]]]>
            </message>
            <full-stacktrace>
              <![CDATA[java.lang.AssertionError: expected [true] but found [false]
	at org.testng.Assert.fail(Assert.java:94)
	at org.testng.Assert.failNotEquals(Assert.java:513)
	at org.testng.Assert.assertTrue(Assert.java:42)
	at org.testng.Assert.assertTrue(Assert.java:52)
	at com.jbk.test.OperatorTest.validateTitle(OperatorTest.java:45)
	at sun.reflect.NativeMethodAccessorImpl.invoke0(Native Method)
	at sun.reflect.NativeMethodAccessorImpl.invoke(NativeMethodAccessorImpl.java:62)
	at sun.reflect.DelegatingMethodAccessorImpl.invoke(DelegatingMethodAccessorImpl.java:43)
	at java.lang.reflect.Method.invoke(Method.java:498)
	at org.testng.internal.MethodInvocationHelper.invokeMethod(MethodInvocationHelper.java:100)
	at org.testng.internal.Invoker.invokeMethod(Invoker.java:646)
	at org.testng.internal.Invoker.invokeTestMethod(Invoker.java:811)
	at org.testng.internal.Invoker.invokeTestMethods(Invoker.java:1137)
	at org.testng.internal.TestMethodWorker.invokeTestMethods(TestMethodWorker.java:129)
	at org.testng.internal.TestMethodWorker.run(TestMethodWorker.java:112)
	at org.testng.TestRunner.privateRun(TestRunner.java:753)
	at org.testng.TestRunner.run(TestRunner.java:607)
	at org.testng.SuiteRunner.runTest(SuiteRunner.java:368)
	at org.testng.SuiteRunner.runSequentially(SuiteRunner.java:363)
	at org.testng.SuiteRunner.privateRun(SuiteRunner.java:321)
	at org.testng.SuiteRunner.run(SuiteRunner.java:270)
	at org.testng.SuiteRunnerWorker.runSuite(SuiteRunnerWorker.java:52)
	at org.testng.SuiteRunnerWorker.run(SuiteRunnerWorker.java:86)
	at org.testng.TestNG.runSuitesSequentially(TestNG.java:1284)
	at org.testng.TestNG.runSuitesLocally(TestNG.java:1209)
	at org.testng.TestNG.runSuites(TestNG.java:1124)
	at org.testng.TestNG.run(TestNG.java:1096)
	at org.testng.remote.AbstractRemoteTestNG.run(AbstractRemoteTestNG.java:132)
	at org.testng.remote.RemoteTestNG.initAndRun(RemoteTestNG.java:236)
	at org.testng.remote.RemoteTestNG.main(RemoteTestNG.java:81)
]]>
            </full-stacktrace>
          </exception> <!-- java.lang.AssertionError -->
          <reporter-output>
          </reporter-output>
        </test-method> <!-- validateTitle -->
        <test-method status="PASS" signature="validate_person_job()[pri:10, instance:com.jbk.test.OperatorTest@ae45eb6]" name="validate_person_job" duration-ms="245" started-at="2021-10-08T14:42:21Z" finished-at="2021-10-08T14:42:21Z">
          <reporter-output>
          </reporter-output>
        </test-method> <!-- validate_person_job -->
      </class> <!-- com.jbk.test.OperatorTest -->
      <class name="com.jbk.test.UserPageTest">
        <test-method status="PASS" signature="verify_user_page()[pri:7, instance:com.jbk.test.UserPageTest@68c4039c]" name="verify_user_page" duration-ms="7" started-at="2021-10-08T14:42:20Z" finished-at="2021-10-08T14:42:20Z">
          <reporter-output>
          </reporter-output>
        </test-method> <!-- verify_user_page -->
        <test-method status="PASS" signature="validate_user_page()[pri:8, instance:com.jbk.test.UserPageTest@68c4039c]" name="validate_user_page" duration-ms="136" started-at="2021-10-08T14:42:20Z" finished-at="2021-10-08T14:42:21Z">
          <reporter-output>
          </reporter-output>
        </test-method> <!-- validate_user_page -->
      </class> <!-- com.jbk.test.UserPageTest -->
      <class name="com.jbk.test.LoginTest">
        <test-method status="PASS" signature="validateHeading()[pri:1, instance:com.jbk.test.LoginTest@3532ec19]" name="validateHeading" duration-ms="146" started-at="2021-10-08T14:42:20Z" finished-at="2021-10-08T14:42:20Z">
          <reporter-output>
          </reporter-output>
        </test-method> <!-- validateHeading -->
        <test-method status="PASS" signature="validateTitle()[pri:2, instance:com.jbk.test.LoginTest@3532ec19]" name="validateTitle" duration-ms="53" started-at="2021-10-08T14:42:20Z" finished-at="2021-10-08T14:42:20Z">
          <reporter-output>
          </reporter-output>
        </test-method> <!-- validateTitle -->
        <test-method status="PASS" signature="validateTitle1()[pri:3, instance:com.jbk.test.LoginTest@3532ec19]" name="validateTitle1" duration-ms="35" started-at="2021-10-08T14:42:20Z" finished-at="2021-10-08T14:42:20Z">
          <reporter-output>
          </reporter-output>
        </test-method> <!-- validateTitle1 -->
        <test-method status="PASS" signature="validateTitle2()[pri:4, instance:com.jbk.test.LoginTest@3532ec19]" name="validateTitle2" duration-ms="32" started-at="2021-10-08T14:42:20Z" finished-at="2021-10-08T14:42:20Z">
          <reporter-output>
          </reporter-output>
        </test-method> <!-- validateTitle2 -->
      </class> <!-- com.jbk.test.LoginTest -->
      <class name="com.jbk.test.DashboardTest">
        <test-method status="PASS" signature="setup()[pri:0, instance:com.jbk.test.DashboardTest@26653222]" name="setup" is-config="true" duration-ms="7336" started-at="2021-10-08T14:41:40Z" finished-at="2021-10-08T14:41:48Z">
          <reporter-output>
          </reporter-output>
        </test-method> <!-- setup -->
        <test-method status="PASS" signature="setup()[pri:0, instance:com.jbk.test.DownloadTest@59f99ea]" name="setup" is-config="true" duration-ms="7487" started-at="2021-10-08T14:41:48Z" finished-at="2021-10-08T14:41:55Z">
          <reporter-output>
          </reporter-output>
        </test-method> <!-- setup -->
        <test-method status="PASS" signature="setup()[pri:0, instance:com.jbk.test.LoginTest@3532ec19]" name="setup" is-config="true" duration-ms="7050" started-at="2021-10-08T14:41:55Z" finished-at="2021-10-08T14:42:02Z">
          <reporter-output>
          </reporter-output>
        </test-method> <!-- setup -->
        <test-method status="PASS" signature="setup()[pri:0, instance:com.jbk.test.OperatorTest@ae45eb6]" name="setup" is-config="true" duration-ms="8112" started-at="2021-10-08T14:42:02Z" finished-at="2021-10-08T14:42:10Z">
          <reporter-output>
          </reporter-output>
        </test-method> <!-- setup -->
        <test-method status="PASS" signature="setup()[pri:0, instance:com.jbk.test.UserPageTest@68c4039c]" name="setup" is-config="true" duration-ms="9223" started-at="2021-10-08T14:42:10Z" finished-at="2021-10-08T14:42:20Z">
          <reporter-output>
          </reporter-output>
        </test-method> <!-- setup -->
        <test-method status="PASS" signature="verifyValidLogin()[pri:5, instance:com.jbk.test.DashboardTest@26653222]" name="verifyValidLogin" duration-ms="10" started-at="2021-10-08T14:42:20Z" finished-at="2021-10-08T14:42:20Z">
          <reporter-output>
          </reporter-output>
        </test-method> <!-- verifyValidLogin -->
        <test-method status="PASS" signature="validateCourse()[pri:6, instance:com.jbk.test.DashboardTest@26653222]" name="validateCourse" duration-ms="436" started-at="2021-10-08T14:42:20Z" finished-at="2021-10-08T14:42:20Z">
          <reporter-output>
          </reporter-output>
        </test-method> <!-- validateCourse -->
      </class> <!-- com.jbk.test.DashboardTest -->
    </test> <!-- Test -->
  </suite> <!-- Suite -->
</testng-results>
